<?xml version="1.0" encoding="UTF-8"?>
<coverage generated="1634851327">
  <project timestamp="1634851327">
    <file name="/workspaces/flysystem-phar/src/PharFilesystemAdapter.php">
      <class name="Steffendietz\Flysystem\Phar\PharFilesystemAdapter" namespace="global">
        <metrics complexity="51" methods="20" coveredmethods="11" conditionals="0" coveredconditionals="0" statements="114" coveredstatements="104" elements="134" coveredelements="115"/>
      </class>
      <line num="47" type="method" name="__construct" visibility="public" complexity="1" crap="1" count="3"/>
      <line num="49" type="stmt" count="3"/>
      <line num="50" type="stmt" count="3"/>
      <line num="51" type="stmt" count="3"/>
      <line num="52" type="stmt" count="3"/>
      <line num="55" type="stmt" count="3"/>
      <line num="56" type="stmt" count="3"/>
      <line num="57" type="stmt" count="3"/>
      <line num="58" type="stmt" count="3"/>
      <line num="59" type="stmt" count="3"/>
      <line num="61" type="method" name="fileExists" visibility="public" complexity="2" crap="2" count="43"/>
      <line num="63" type="stmt" count="43"/>
      <line num="64" type="stmt" count="31"/>
      <line num="66" type="stmt" count="14"/>
      <line num="69" type="method" name="write" visibility="public" complexity="3" crap="3.04" count="35"/>
      <line num="71" type="stmt" count="35"/>
      <line num="72" type="stmt" count="0"/>
      <line num="75" type="stmt" count="35"/>
      <line num="77" type="stmt" count="35"/>
      <line num="78" type="stmt" count="5"/>
      <line num="80" type="stmt" count="35"/>
      <line num="82" type="method" name="writeStream" visibility="public" complexity="2" crap="2.06" count="7"/>
      <line num="84" type="stmt" count="7"/>
      <line num="85" type="stmt" count="0"/>
      <line num="88" type="stmt" count="7"/>
      <line num="89" type="stmt" count="7"/>
      <line num="91" type="method" name="read" visibility="public" complexity="2" crap="2" count="23"/>
      <line num="93" type="stmt" count="23"/>
      <line num="94" type="stmt" count="1"/>
      <line num="97" type="stmt" count="22"/>
      <line num="100" type="method" name="readStream" visibility="public" complexity="2" crap="2" count="8"/>
      <line num="102" type="stmt" count="8"/>
      <line num="103" type="stmt" count="2"/>
      <line num="106" type="stmt" count="6"/>
      <line num="109" type="method" name="delete" visibility="public" complexity="3" crap="3.04" count="19"/>
      <line num="111" type="stmt" count="19"/>
      <line num="113" type="stmt" count="19"/>
      <line num="114" type="stmt" count="1"/>
      <line num="117" type="stmt" count="18"/>
      <line num="118" type="stmt" count="0"/>
      <line num="120" type="stmt" count="18"/>
      <line num="122" type="method" name="deleteDirectory" visibility="public" complexity="8" crap="8.23" count="19"/>
      <line num="124" type="stmt" count="19"/>
      <line num="126" type="stmt" count="19"/>
      <line num="127" type="stmt" count="0"/>
      <line num="130" type="stmt" count="19"/>
      <line num="131" type="stmt" count="19"/>
      <line num="132" type="stmt" count="19"/>
      <line num="136" type="stmt" count="19"/>
      <line num="137" type="stmt" count="17"/>
      <line num="138" type="stmt" count="17"/>
      <line num="142" type="stmt" count="19"/>
      <line num="144" type="stmt" count="19"/>
      <line num="145" type="stmt" count="0"/>
      <line num="147" type="stmt" count="19"/>
      <line num="149" type="method" name="createDirectory" visibility="public" complexity="1" crap="1" count="3"/>
      <line num="151" type="stmt" count="3"/>
      <line num="152" type="stmt" count="3"/>
      <line num="154" type="method" name="setVisibility" visibility="public" complexity="3" crap="3.02" count="6"/>
      <line num="156" type="stmt" count="6"/>
      <line num="157" type="stmt" count="1"/>
      <line num="160" type="stmt" count="5"/>
      <line num="162" type="stmt" count="5"/>
      <line num="163" type="stmt" count="0"/>
      <line num="164" type="stmt" count="5"/>
      <line num="166" type="stmt" count="5"/>
      <line num="167" type="stmt" count="5"/>
      <line num="169" type="method" name="visibility" visibility="public" complexity="2" crap="2" count="6"/>
      <line num="171" type="stmt" count="6"/>
      <line num="172" type="stmt" count="1"/>
      <line num="175" type="stmt" count="5"/>
      <line num="177" type="stmt" count="5"/>
      <line num="179" type="stmt" count="5"/>
      <line num="182" type="method" name="mimeType" visibility="public" complexity="4" crap="4.02" count="3"/>
      <line num="184" type="stmt" count="3"/>
      <line num="185" type="stmt" count="1"/>
      <line num="188" type="stmt" count="2"/>
      <line num="190" type="stmt" count="2"/>
      <line num="191" type="stmt" count="0"/>
      <line num="194" type="stmt" count="2"/>
      <line num="196" type="stmt" count="2"/>
      <line num="197" type="stmt" count="1"/>
      <line num="200" type="stmt" count="1"/>
      <line num="203" type="method" name="lastModified" visibility="public" complexity="2" crap="2" count="2"/>
      <line num="205" type="stmt" count="2"/>
      <line num="206" type="stmt" count="1"/>
      <line num="209" type="stmt" count="1"/>
      <line num="212" type="method" name="fileSize" visibility="public" complexity="3" crap="3.04" count="3"/>
      <line num="214" type="stmt" count="3"/>
      <line num="215" type="stmt" count="2"/>
      <line num="218" type="stmt" count="1"/>
      <line num="220" type="stmt" count="1"/>
      <line num="221" type="stmt" count="0"/>
      <line num="224" type="stmt" count="1"/>
      <line num="227" type="method" name="listContents" visibility="public" complexity="5" crap="5.01" count="47"/>
      <line num="229" type="stmt" count="47"/>
      <line num="231" type="stmt" count="47"/>
      <line num="232" type="stmt" count="0"/>
      <line num="236" type="stmt" count="47"/>
      <line num="237" type="stmt" count="2"/>
      <line num="238" type="stmt" count="47"/>
      <line num="240" type="stmt" count="47"/>
      <line num="241" type="stmt" count="36"/>
      <line num="242" type="stmt" count="36"/>
      <line num="244" type="stmt" count="36"/>
      <line num="245" type="stmt" count="19"/>
      <line num="246" type="stmt" count="19"/>
      <line num="248" type="stmt" count="47"/>
      <line num="250" type="method" name="recursiveGenerator" visibility="private" complexity="1" crap="1" count="20"/>
      <line num="252" type="stmt" count="20"/>
      <line num="253" type="stmt" count="20"/>
      <line num="255" type="stmt" count="20"/>
      <line num="257" type="method" name="flatGenerator" visibility="private" complexity="1" crap="1" count="47"/>
      <line num="259" type="stmt" count="47"/>
      <line num="260" type="stmt" count="47"/>
      <line num="262" type="method" name="move" visibility="public" complexity="2" crap="2" count="2"/>
      <line num="264" type="stmt" count="2"/>
      <line num="265" type="stmt" count="1"/>
      <line num="268" type="stmt" count="1"/>
      <line num="269" type="stmt" count="1"/>
      <line num="270" type="stmt" count="1"/>
      <line num="272" type="method" name="copy" visibility="public" complexity="2" crap="2.03" count="4"/>
      <line num="274" type="stmt" count="4"/>
      <line num="275" type="stmt" count="0"/>
      <line num="278" type="stmt" count="4"/>
      <line num="279" type="stmt" count="4"/>
      <line num="280" type="stmt" count="4"/>
      <line num="282" type="method" name="getPharFileInfo" visibility="private" complexity="2" crap="2" count="47"/>
      <line num="284" type="stmt" count="47"/>
      <line num="285" type="stmt" count="37"/>
      <line num="287" type="stmt" count="29"/>
      <metrics loc="289" ncloc="284" classes="1" methods="20" coveredmethods="11" conditionals="0" coveredconditionals="0" statements="114" coveredstatements="104" elements="134" coveredelements="115"/>
    </file>
    <metrics files="1" loc="289" ncloc="284" classes="1" methods="20" coveredmethods="11" conditionals="0" coveredconditionals="0" statements="114" coveredstatements="104" elements="134" coveredelements="115"/>
  </project>
</coverage>
